<?xml version="1.0" encoding="UTF-8"?>
<!-- Generated by org.testng.reporters.JUnitXMLReporter -->
<testsuite ignored="0" hostname="DESKTOP-3OONJHS" failures="0" tests="4" name="Default test" time="11.618" errors="0" timestamp="2024-08-01T03:45:25 AST">
  <testcase classname="localPortTest.LocalPortTest" name="submitTest" time="1.023"/>
  <testcase classname="localPortTest.LocalPortTest" name="resetTest" time="0.573"/>
  <testcase classname="localPortTest.LocalPortTest" name="imageTest" time="6.509"/>
  <testcase classname="localPortTest.LocalPortTest" name="linksTest" time="3.186"/>
</testsuite> <!-- Default test -->
